<?xml version="1.0" encoding="UTF-8"?>
<testsuite xmlns:xsi="http://www.w3.org/2001/XMLSchema-instance" xsi:schemaLocation="https://maven.apache.org/surefire/maven-surefire-plugin/xsd/surefire-test-report.xsd" name="Xpath1" time="287.854" tests="5" errors="0" skipped="0" failures="0">
  <properties>
    <property name="java.runtime.name" value="OpenJDK Runtime Environment"/>
    <property name="java.vm.version" value="17.0.8.1+1"/>
    <property name="sun.boot.library.path" value="C:\Users\ADMIN\.p2\pool\plugins\org.eclipse.justj.openjdk.hotspot.jre.full.win32.x86_64_17.0.8.v20230831-1047\jre\bin"/>
    <property name="maven.multiModuleProjectDirectory" value="C:\Users\ADMIN\Downloads\4620\ScriptGeneration_202412180719792000\AlgoAFScript_202412180719792000"/>
    <property name="java.vm.vendor" value="Eclipse Adoptium"/>
    <property name="java.vendor.url" value="https://adoptium.net/"/>
    <property name="guice.disable.misplaced.annotation.check" value="true"/>
    <property name="path.separator" value=";"/>
    <property name="java.vm.name" value="OpenJDK 64-Bit Server VM"/>
    <property name="sun.os.patch.level" value=""/>
    <property name="user.script" value=""/>
    <property name="user.country" value="US"/>
    <property name="sun.java.launcher" value="SUN_STANDARD"/>
    <property name="java.vm.specification.name" value="Java Virtual Machine Specification"/>
    <property name="user.dir" value="C:\Users\ADMIN\Downloads\4620\ScriptGeneration_202412180719792000\AlgoAFScript_202412180719792000"/>
    <property name="java.vm.compressedOopsMode" value="Zero based"/>
    <property name="java.runtime.version" value="17.0.8.1+1"/>
    <property name="os.arch" value="amd64"/>
    <property name="java.io.tmpdir" value="C:\Users\ADMIN\AppData\Local\Temp\"/>
    <property name="line.separator" value="&#10;"/>
    <property name="java.vm.specification.vendor" value="Oracle Corporation"/>
    <property name="user.variant" value=""/>
    <property name="os.name" value="Windows 11"/>
    <property name="classworlds.conf" value="C:\Users\ADMIN\eclipse-workspace\.metadata\.plugins\org.eclipse.m2e.launching\launches\m2conf1447098970957898489.tmp"/>
    <property name="sun.jnu.encoding" value="Cp1252"/>
    <property name="java.library.path" value="C:\Users\ADMIN\.p2\pool\plugins\org.eclipse.justj.openjdk.hotspot.jre.full.win32.x86_64_17.0.8.v20230831-1047\jre\bin;C:\WINDOWS\Sun\Java\bin;C:\WINDOWS\system32;C:\WINDOWS;C:/Users/ADMIN/.p2/pool/plugins/org.eclipse.justj.openjdk.hotspot.jre.full.win32.x86_64_20.0.2.v20230801-2057/jre/bin/server;C:/Users/ADMIN/.p2/pool/plugins/org.eclipse.justj.openjdk.hotspot.jre.full.win32.x86_64_20.0.2.v20230801-2057/jre/bin;C:\Program Files\Common Files\Oracle\Java\javapath;C:\Program Files (x86)\Common Files\Oracle\Java\javapath;C:\WINDOWS\system32;C:\WINDOWS;C:\WINDOWS\System32\Wbem;C:\WINDOWS\System32\WindowsPowerShell\v1.0\;C:\WINDOWS\System32\OpenSSH\;C:\Program Files\Intel\WiFi\bin\;C:\Program Files\Common Files\Intel\WirelessCommon\;C:\Program Files\Java\jdk-21\bin;C:\Program Files\apache-maven-3.9.3\bin\;C:\Program Files\apache-maven-3.9.3\bin;C:\Program Files\apache-maven-3.9.3\bin;C:\Program Files\Microsoft SQL Server\150\Tools\Binn\;C:\Zip_Files\platform-tools;C:\Env_Browser\chromedriver.exe;C:\Env_Browser\geckodriver.exe;C:\Program Files\Microsoft SQL Server\Client SDK\ODBC\170\Tools\Binn\;C:\Program Files\Microsoft SQL Server\130\Tools\Binn\;C:\Users\ADMIN\AppData\Local\Android\Sdk\build-tools;C:\Users\ADMIN\AppData\Local\Android\Sdk\platforms;C:\Users\ADMIN\AppData\Local\Android\Sdk\platform-tools;C:\Program Files\dotnet\;C:\Program Files\MySQL\MySQL Server 8.0\bin;C:\Program Files\Amazon\AWSCLIV2\;C:\Program Files\wkhtmltopdf\bin;C:\Program Files\Git\cmd;D:\Softwares\allure-2.30.0\bin;C:\Program Files\nodejs\;C:\Program Files\MySQL\MySQL Shell 8.0\bin\;C:\Users\ADMIN\AppData\Local\Programs\Python\Python311\Scripts\;C:\Users\ADMIN\AppData\Local\Programs\Python\Python311\;C:\Users\ADMIN\AppData\Local\Microsoft\WindowsApps;C:\Users\ADMIN\.dotnet\tools;C:\Program Files\JetBrains\PyCharm Community Edition 2023.3.4\bin;;C:\Users\ADMIN\AppData\Local\GitHubDesktop\bin;C:\Program Files\JetBrains\IntelliJ IDEA Community Edition 2023.2.5\bin;;C:\Users\ADMIN\AppData\Local\Programs\Microsoft VS Code\bin;C:\Users\ADMIN\AppData\Roaming\npm;C:\Users\ADMIN\Desktop;;."/>
    <property name="jdk.debug" value="release"/>
    <property name="java.class.version" value="61.0"/>
    <property name="java.specification.name" value="Java Platform API Specification"/>
    <property name="sun.management.compiler" value="HotSpot 64-Bit Tiered Compilers"/>
    <property name="os.version" value="10.0"/>
    <property name="user.home" value="C:\Users\ADMIN"/>
    <property name="user.timezone" value="Asia/Calcutta"/>
    <property name="file.encoding" value="UTF-8"/>
    <property name="java.specification.version" value="17"/>
    <property name="user.name" value="ADMIN"/>
    <property name="java.class.path" value="C:\Users\ADMIN\.p2\pool\plugins\org.eclipse.m2e.maven.runtime_1.16.0.20210129-0849\jars\plexus-classworlds-2.6.0.jar"/>
    <property name="java.vm.specification.version" value="17"/>
    <property name="sun.arch.data.model" value="64"/>
    <property name="sun.java.command" value="org.codehaus.plexus.classworlds.launcher.Launcher -B test"/>
    <property name="java.home" value="C:\Users\ADMIN\.p2\pool\plugins\org.eclipse.justj.openjdk.hotspot.jre.full.win32.x86_64_17.0.8.v20230831-1047\jre"/>
    <property name="user.language" value="en"/>
    <property name="java.specification.vendor" value="Oracle Corporation"/>
    <property name="java.vm.info" value="mixed mode"/>
    <property name="java.version" value="17.0.8.1"/>
    <property name="native.encoding" value="Cp1252"/>
    <property name="java.vendor" value="Eclipse Adoptium"/>
    <property name="maven.home" value="C:\Users\ADMIN\Downloads\4620\ScriptGeneration_202412180719792000\AlgoAFScript_202412180719792000\EMBEDDED"/>
    <property name="file.separator" value="\"/>
    <property name="java.version.date" value="2023-08-24"/>
    <property name="java.vendor.url.bug" value="https://github.com/adoptium/adoptium-support/issues"/>
    <property name="sun.io.unicode.encoding" value="UnicodeLittle"/>
    <property name="sun.cpu.endian" value="little"/>
    <property name="java.vendor.version" value="Temurin-17.0.8.1+1"/>
    <property name="sun.cpu.isalist" value="amd64"/>
  </properties>
  <testcase name="Verifying the Handling of Dynamic Controls for Interactive Elements" classname="Xpath1" time="55.773"/>
  <testcase name="Testing the Behavior of Dynamic UI Controls on a Web Page" classname="Xpath1" time="47.266"/>
  <testcase name="Validating the Functional Operations of Dynamic Elements in Real-Time" classname="Xpath1" time="52.485"/>
  <testcase name="Ensuring Proper Functionality of Dynamic Components under Various Conditions" classname="Xpath1" time="48.073"/>
  <testcase name="Examining the Interaction with Dynamically Loading Web Controls" classname="Xpath1" time="53.612"/>
</testsuite>