<?xml version="1.0" encoding="UTF-8"?>
<testsuite xmlns:xsi="http://www.w3.org/2001/XMLSchema-instance" xsi:schemaLocation="https://maven.apache.org/surefire/maven-surefire-plugin/xsd/surefire-test-report.xsd" name="Validating Dynamic Controls on the User Interface for Functional Accuracy" time="265.442" tests="5" errors="0" skipped="0" failures="0">
  <properties>
    <property name="java.runtime.name" value="Java(TM) SE Runtime Environment"/>
    <property name="java.vm.version" value="21.0.3+7-LTS-152"/>
    <property name="sun.boot.library.path" value="C:\Program Files\Java\jdk-21\bin"/>
    <property name="maven.multiModuleProjectDirectory" value="C:\Users\sanka\Downloads\AlgoAFScript_202412180719792000\AlgoAFScript_202412180719792000"/>
    <property name="java.vm.vendor" value="Oracle Corporation"/>
    <property name="java.vendor.url" value="https://java.oracle.com/"/>
    <property name="guice.disable.misplaced.annotation.check" value="true"/>
    <property name="path.separator" value=";"/>
    <property name="java.vm.name" value="Java HotSpot(TM) 64-Bit Server VM"/>
    <property name="sun.os.patch.level" value=""/>
    <property name="user.script" value=""/>
    <property name="user.country" value="US"/>
    <property name="sun.java.launcher" value="SUN_STANDARD"/>
    <property name="java.vm.specification.name" value="Java Virtual Machine Specification"/>
    <property name="user.dir" value="C:\Users\sanka\Downloads\AlgoAFScript_202412180719792000\AlgoAFScript_202412180719792000"/>
    <property name="java.vm.compressedOopsMode" value="32-bit"/>
    <property name="java.runtime.version" value="21.0.3+7-LTS-152"/>
    <property name="os.arch" value="amd64"/>
    <property name="java.io.tmpdir" value="C:\Users\sanka\AppData\Local\Temp\"/>
    <property name="line.separator" value="&#10;"/>
    <property name="java.vm.specification.vendor" value="Oracle Corporation"/>
    <property name="user.variant" value=""/>
    <property name="stderr.encoding" value="cp437"/>
    <property name="os.name" value="Windows 11"/>
    <property name="classworlds.conf" value="C:\Program Files\apache-maven-3.9.3\bin\m2.conf"/>
    <property name="sun.jnu.encoding" value="Cp1252"/>
    <property name="stdout.encoding" value="cp437"/>
    <property name="java.library.path" value="C:\Program Files\Java\jdk-21\bin;C:\Windows\Sun\Java\bin;C:\Windows\system32;C:\Windows;C:\Program Files\Common Files\Oracle\Java\javapath;C:\Windows\system32;C:\Windows;C:\Windows\System32\Wbem;C:\Windows\System32\WindowsPowerShell\v1.0\;C:\Windows\System32\OpenSSH\;C:\Program Files (x86)\NVIDIA Corporation\PhysX\Common;C:\Program Files\NVIDIA Corporation\NVIDIA NvDLISR;C:\Windows\system32;C:\Windows;C:\Windows\System32\Wbem;C:\Windows\System32\WindowsPowerShell\v1.0\;C:\Windows\System32\OpenSSH\;C:\Users\sanka\AppData\Local\Programs\Python\Python311\Scripts;C:\Users\sanka\AppData\Local\Programs\Python\Python311;C:\Users\sanka\AppData\Local\Programs\Python\Python311\Lib;C:\Users\sanka\AppData\Local\Programs\Python\Python311\libs;C:\Users\sanka\AppData\Local\Programs\Python\Python311\DLLs;;C:\Users\sanka\AppData\Roaming\npm\node_modules;C:\Users\sanka\AppData\Roaming\npm;C:\Users\sanka\AppData\Roaming\npm\node_modules\json-server\lib;C:\Program Files\nodejs;C:\Program Files\Java\jdk-21\bin;C:\Program Files\apache-maven-3.9.3\bin;C:\Program Files\apache-maven-3.9.3\bin;C:\Program Files\apache-maven-3.9.3\bin;C:\Users\sanka\AppData\Local\Android\Sdk\tools;C:\Users\sanka\AppData\Local\Android\Sdk\platform-tools;C:\Users\sanka\AppData\Local\Android\Sdk\build-tools;C:\Program Files\Android\Android Studio\bin;C:\Drivers;C:\Program Files\Git\cmd;D:\softwares\apache-jmeter-5.6.3\apache-jmeter-5.6.3\bin;C:\Program Files\Microsoft SQL Server\150\Tools\Binn\;C:\Program Files\Microsoft SQL Server\Client SDK\ODBC\170\Tools\Binn\;C:\Program Files\dotnet\;C:\Program Files\MySQL\MySQL Shell 8.0\bin\;C:\Users\sanka\AppData\Local\Microsoft\WindowsApps;;C:\Program Files\JetBrains\PyCharm Community Edition 2024.2.3\bin;;C:\Users\sanka\AppData\Roaming\npm;C:\Users\sanka\AppData\Local\Programs\Microsoft VS Code\bin;C:\Users\sanka\.dotnet\tools;."/>
    <property name="maven.conf" value="C:\Program Files\apache-maven-3.9.3/conf"/>
    <property name="jdk.debug" value="release"/>
    <property name="java.class.version" value="65.0"/>
    <property name="java.specification.name" value="Java Platform API Specification"/>
    <property name="sun.management.compiler" value="HotSpot 64-Bit Tiered Compilers"/>
    <property name="os.version" value="10.0"/>
    <property name="library.jansi.path" value="C:\Program Files\apache-maven-3.9.3\lib\jansi-native"/>
    <property name="user.home" value="C:\Users\sanka"/>
    <property name="user.timezone" value="Asia/Calcutta"/>
    <property name="file.encoding" value="UTF-8"/>
    <property name="java.specification.version" value="21"/>
    <property name="user.name" value="sanka"/>
    <property name="java.class.path" value="C:\Program Files\apache-maven-3.9.3\boot\plexus-classworlds-2.7.0.jar"/>
    <property name="java.vm.specification.version" value="21"/>
    <property name="sun.arch.data.model" value="64"/>
    <property name="sun.java.command" value="org.codehaus.plexus.classworlds.launcher.Launcher test"/>
    <property name="java.home" value="C:\Program Files\Java\jdk-21"/>
    <property name="user.language" value="en"/>
    <property name="java.specification.vendor" value="Oracle Corporation"/>
    <property name="java.vm.info" value="mixed mode, sharing"/>
    <property name="java.version" value="21.0.3"/>
    <property name="native.encoding" value="Cp1252"/>
    <property name="java.vendor" value="Oracle Corporation"/>
    <property name="maven.home" value="C:\Program Files\apache-maven-3.9.3"/>
    <property name="file.separator" value="\"/>
    <property name="java.version.date" value="2024-04-16"/>
    <property name="java.vendor.url.bug" value="https://bugreport.java.com/bugreport/"/>
    <property name="sun.io.unicode.encoding" value="UnicodeLittle"/>
    <property name="sun.cpu.endian" value="little"/>
    <property name="sun.cpu.isalist" value="amd64"/>
  </properties>
  <testcase name="Verifying the Handling of Dynamic Controls for Interactive Elements" classname="Validating Dynamic Controls on the User Interface for Functional Accuracy" time="55.502"/>
  <testcase name="Testing the Behavior of Dynamic UI Controls on a Web Page" classname="Validating Dynamic Controls on the User Interface for Functional Accuracy" time="46.431"/>
  <testcase name="Validating the Functional Operations of Dynamic Elements in Real-Time" classname="Validating Dynamic Controls on the User Interface for Functional Accuracy" time="45.396"/>
  <testcase name="Ensuring Proper Functionality of Dynamic Components under Various Conditions" classname="Validating Dynamic Controls on the User Interface for Functional Accuracy" time="57.393"/>
  <testcase name="Examining the Interaction with Dynamically Loading Web Controls" classname="Validating Dynamic Controls on the User Interface for Functional Accuracy" time="40.016"/>
</testsuite>